\BOOKMARK [1][-]{section.1}{Cos'\350 un sistema di controllo di versione}{}% 1
\BOOKMARK [1][-]{section.2}{Il sistema di controllo versione Git}{}% 2
\BOOKMARK [1][-]{section.3}{Branching}{}% 3
\BOOKMARK [1][-]{section.4}{Comandi principali}{}% 4
\BOOKMARK [2][-]{subsection.4.1}{init, clone}{section.4}% 5
\BOOKMARK [2][-]{subsection.4.2}{Commit}{section.4}% 6
\BOOKMARK [2][-]{subsection.4.3}{Add, rm, reset}{section.4}% 7
\BOOKMARK [2][-]{subsection.4.4}{Push}{section.4}% 8
\BOOKMARK [2][-]{subsection.4.5}{Merge, Pull, fetch}{section.4}% 9
\BOOKMARK [2][-]{subsection.4.6}{Checkout, Branch, merge}{section.4}% 10
\BOOKMARK [2][-]{subsection.4.7}{Log, status, Diff}{section.4}% 11
\BOOKMARK [1][-]{section.5}{la cartella .git}{}% 12
\BOOKMARK [2][-]{subsection.5.1}{heads}{section.5}% 13
\BOOKMARK [2][-]{subsection.5.2}{Tags}{section.5}% 14
\BOOKMARK [2][-]{subsection.5.3}{Remotes}{section.5}% 15
\BOOKMARK [1][-]{section.6}{Installazione e configurazione}{}% 16
\BOOKMARK [1][-]{section.7}{Github}{}% 17
\BOOKMARK [1][-]{section.8}{Approfondimenti}{}% 18
\BOOKMARK [2][-]{subsection.8.1}{I submodule}{section.8}% 19
\BOOKMARK [2][-]{subsection.8.2}{Revisionare i commit}{section.8}% 20
\BOOKMARK [2][-]{subsection.8.3}{Gitignore}{section.8}% 21
\BOOKMARK [1][-]{section.9}{fonti, link utuli}{}% 22
\BOOKMARK [2][-]{subsection.9.1}{domande}{section.9}% 23
\BOOKMARK [2][-]{subsection.9.2}{link}{section.9}% 24
